<?xml version="1.0" encoding="UTF-8"?>
<!-- Generated by org.testng.reporters.JUnitXMLReporter -->
<testsuite hostname="M5-D-76KCNK2" name="ListenerDemo1" tests="5" failures="2" timestamp="13 May 2019 08:04:05 GMT" time="0.244" errors="0">
  <testcase name="FailTest" time="0.013" classname="POM.TestForListenerDemo">
    <failure type="java.lang.AssertionError" message="expected [Paresh Rawal] but found [Akshay Kumar]">
      <![CDATA[java.lang.AssertionError: expected [Paresh Rawal] but found [Akshay Kumar]
	at POM.TestForListenerDemo.FailTest(TestForListenerDemo.java:20)
... Removed 30 stack frames]]>
    </failure>
  </testcase> <!-- FailTest -->
  <testcase name="PassTest" time="0.002" classname="POM.TestForListenerDemo"/>
  <testcase name="Pass2Test" time="0.002" classname="POM.TestForListenerDemo"/>
  <testcase name="SkipTest" time="0.0" classname="POM.TestForListenerDemo">
    <skipped/>
  </testcase> <!-- SkipTest -->
  <testcase name="SkipTest2" time="0.001" classname="POM.TestForListenerDemo">
    <failure type="java.lang.AssertionError" message="expected [Frog] but found [Prince]">
      <![CDATA[java.lang.AssertionError: expected [Frog] but found [Prince]
	at POM.TestForListenerDemo.SkipTest2(TestForListenerDemo.java:45)
... Removed 30 stack frames]]>
    </failure>
  </testcase> <!-- SkipTest2 -->
</testsuite> <!-- ListenerDemo1 -->
