<?xml version="1.0" encoding="UTF-8"?>
<testng-results skipped="0" failed="0" total="1" passed="1">
  <reporter-output>
  </reporter-output>
  <suite name="Default suite" duration-ms="12895" started-at="2019-05-13T12:18:40Z" finished-at="2019-05-13T12:18:53Z">
    <groups>
    </groups>
    <test name="Default test" duration-ms="12895" started-at="2019-05-13T12:18:40Z" finished-at="2019-05-13T12:18:53Z">
      <class name="POM.VerifyLogin_PgFactory">
        <test-method status="PASS" signature="beforeMethod()[pri:0, instance:POM.VerifyLogin_PgFactory@45c8e616]" name="beforeMethod" is-config="true" duration-ms="7" started-at="2019-05-13T17:48:40Z" finished-at="2019-05-13T17:48:40Z">
          <reporter-output>
          </reporter-output>
        </test-method> <!-- beforeMethod -->
        <test-method status="PASS" signature="f()[pri:0, instance:POM.VerifyLogin_PgFactory@45c8e616]" name="f" duration-ms="12872" started-at="2019-05-13T17:48:40Z" finished-at="2019-05-13T17:48:53Z">
          <reporter-output>
          </reporter-output>
        </test-method> <!-- f -->
      </class> <!-- POM.VerifyLogin_PgFactory -->
    </test> <!-- Default test -->
  </suite> <!-- Default suite -->
</testng-results>
