<?xml version="1.0" encoding="UTF-8"?>
<testng-results skipped="0" failed="0" total="1" passed="1">
  <reporter-output>
  </reporter-output>
  <suite name="Default suite" duration-ms="29490" started-at="2019-05-13T07:05:56Z" finished-at="2019-05-13T07:06:25Z">
    <groups>
    </groups>
    <test name="Default test" duration-ms="29490" started-at="2019-05-13T07:05:56Z" finished-at="2019-05-13T07:06:25Z">
      <class name="POM.VerifyLogin_PgFactory">
        <test-method status="PASS" signature="beforeMethod()[pri:0, instance:POM.VerifyLogin_PgFactory@16c0663d]" name="beforeMethod" is-config="true" duration-ms="9" started-at="2019-05-13T12:35:56Z" finished-at="2019-05-13T12:35:56Z">
          <reporter-output>
          </reporter-output>
        </test-method> <!-- beforeMethod -->
        <test-method status="PASS" signature="f()[pri:0, instance:POM.VerifyLogin_PgFactory@16c0663d]" name="f" duration-ms="29461" started-at="2019-05-13T12:35:56Z" finished-at="2019-05-13T12:36:25Z">
          <reporter-output>
          </reporter-output>
        </test-method> <!-- f -->
      </class> <!-- POM.VerifyLogin_PgFactory -->
    </test> <!-- Default test -->
  </suite> <!-- Default suite -->
</testng-results>
